warning: Malware checks are experimental and may change without warning. Pass `--preview-features malware-check` to disable this warning.
[harness] lolo centered_fp fold 1/59 (held_out=1)
[harness] lolo centered_fp fold 2/59 (held_out=2)
[harness] lolo centered_fp fold 3/59 (held_out=3)
[harness] lolo centered_fp fold 4/59 (held_out=4)
[harness] lolo centered_fp fold 5/59 (held_out=5)
[harness] lolo centered_fp fold 6/59 (held_out=6)
[harness] lolo centered_fp fold 7/59 (held_out=7)
[harness] lolo centered_fp fold 8/59 (held_out=8)
[harness] lolo centered_fp fold 9/59 (held_out=9)
[harness] lolo centered_fp fold 10/59 (held_out=10)
[harness] lolo centered_fp fold 11/59 (held_out=11)
[harness] lolo centered_fp fold 12/59 (held_out=12)
[harness] lolo centered_fp fold 13/59 (held_out=13)
[harness] lolo centered_fp fold 14/59 (held_out=14)
[harness] lolo centered_fp fold 15/59 (held_out=15)
[harness] lolo centered_fp fold 16/59 (held_out=16)
[harness] lolo centered_fp fold 17/59 (held_out=17)
[harness] lolo centered_fp fold 18/59 (held_out=18)
[harness] lolo centered_fp fold 19/59 (held_out=19)
[harness] lolo centered_fp fold 20/59 (held_out=20)
[harness] lolo centered_fp fold 21/59 (held_out=21)
[harness] lolo centered_fp fold 22/59 (held_out=22)
[harness] lolo centered_fp fold 23/59 (held_out=23)
[harness] lolo centered_fp fold 24/59 (held_out=24)
[harness] lolo centered_fp fold 25/59 (held_out=25)
[harness] lolo centered_fp fold 26/59 (held_out=26)
[harness] lolo centered_fp fold 27/59 (held_out=27)
[harness] lolo centered_fp fold 28/59 (held_out=28)
[harness] lolo centered_fp fold 29/59 (held_out=29)
[harness] lolo centered_fp fold 30/59 (held_out=30)
[harness] lolo centered_fp fold 31/59 (held_out=31)
[harness] lolo centered_fp fold 32/59 (held_out=32)
[harness] lolo centered_fp fold 33/59 (held_out=33)
[harness] lolo centered_fp fold 34/59 (held_out=34)
[harness] lolo centered_fp fold 35/59 (held_out=35)
[harness] lolo centered_fp fold 36/59 (held_out=36)
[harness] lolo centered_fp fold 37/59 (held_out=37)
[harness] lolo centered_fp fold 38/59 (held_out=38)
[harness] lolo centered_fp fold 39/59 (held_out=39)
[harness] lolo centered_fp fold 40/59 (held_out=40)
[harness] lolo centered_fp fold 41/59 (held_out=41)
[harness] lolo centered_fp fold 42/59 (held_out=42)
[harness] lolo centered_fp fold 43/59 (held_out=43)
[harness] lolo centered_fp fold 44/59 (held_out=44)
[harness] lolo centered_fp fold 45/59 (held_out=45)
[harness] lolo centered_fp fold 46/59 (held_out=46)
[harness] lolo centered_fp fold 47/59 (held_out=47)
[harness] lolo centered_fp fold 48/59 (held_out=48)
[harness] lolo centered_fp fold 49/59 (held_out=49)
[harness] lolo centered_fp fold 50/59 (held_out=50)
[harness] lolo centered_fp fold 51/59 (held_out=51)
[harness] lolo centered_fp fold 52/59 (held_out=52)
[harness] lolo centered_fp fold 53/59 (held_out=53)
[harness] lolo centered_fp fold 54/59 (held_out=54)
[harness] lolo centered_fp fold 55/59 (held_out=55)
[harness] lolo centered_fp fold 56/59 (held_out=56)
[harness] lolo centered_fp fold 57/59 (held_out=57)
[harness] lolo centered_fp fold 58/59 (held_out=58)
[harness] lolo centered_fp fold 59/59 (held_out=59)
[harness] lolo cla fold 1/59 (held_out=1)
[harness] lolo cla fold 2/59 (held_out=2)
[harness] lolo cla fold 3/59 (held_out=3)
[harness] lolo cla fold 4/59 (held_out=4)
[harness] lolo cla fold 5/59 (held_out=5)
[harness] lolo cla fold 6/59 (held_out=6)
[harness] lolo cla fold 7/59 (held_out=7)
[harness] lolo cla fold 8/59 (held_out=8)
[harness] lolo cla fold 9/59 (held_out=9)
[harness] lolo cla fold 10/59 (held_out=10)
[harness] lolo cla fold 11/59 (held_out=11)
[harness] lolo cla fold 12/59 (held_out=12)
[harness] lolo cla fold 13/59 (held_out=13)
[harness] lolo cla fold 14/59 (held_out=14)
[harness] lolo cla fold 15/59 (held_out=15)
[harness] lolo cla fold 16/59 (held_out=16)
[harness] lolo cla fold 17/59 (held_out=17)
[harness] lolo cla fold 18/59 (held_out=18)
[harness] lolo cla fold 19/59 (held_out=19)
[harness] lolo cla fold 20/59 (held_out=20)
[harness] lolo cla fold 21/59 (held_out=21)
[harness] lolo cla fold 22/59 (held_out=22)
[harness] lolo cla fold 23/59 (held_out=23)
[harness] lolo cla fold 24/59 (held_out=24)
[harness] lolo cla fold 25/59 (held_out=25)
[harness] lolo cla fold 26/59 (held_out=26)
[harness] lolo cla fold 27/59 (held_out=27)
[harness] lolo cla fold 28/59 (held_out=28)
[harness] lolo cla fold 29/59 (held_out=29)
[harness] lolo cla fold 30/59 (held_out=30)
[harness] lolo cla fold 31/59 (held_out=31)
[harness] lolo cla fold 32/59 (held_out=32)
[harness] lolo cla fold 33/59 (held_out=33)
[harness] lolo cla fold 34/59 (held_out=34)
[harness] lolo cla fold 35/59 (held_out=35)
[harness] lolo cla fold 36/59 (held_out=36)
[harness] lolo cla fold 37/59 (held_out=37)
[harness] lolo cla fold 38/59 (held_out=38)
[harness] lolo cla fold 39/59 (held_out=39)
[harness] lolo cla fold 40/59 (held_out=40)
[harness] lolo cla fold 41/59 (held_out=41)
[harness] lolo cla fold 42/59 (held_out=42)
[harness] lolo cla fold 43/59 (held_out=43)
[harness] lolo cla fold 44/59 (held_out=44)
[harness] lolo cla fold 45/59 (held_out=45)
[harness] lolo cla fold 46/59 (held_out=46)
[harness] lolo cla fold 47/59 (held_out=47)
[harness] lolo cla fold 48/59 (held_out=48)
[harness] lolo cla fold 49/59 (held_out=49)
[harness] lolo cla fold 50/59 (held_out=50)
[harness] lolo cla fold 51/59 (held_out=51)
[harness] lolo cla fold 52/59 (held_out=52)
[harness] lolo cla fold 53/59 (held_out=53)
[harness] lolo cla fold 54/59 (held_out=54)
[harness] lolo cla fold 55/59 (held_out=55)
[harness] lolo cla fold 56/59 (held_out=56)
[harness] lolo cla fold 57/59 (held_out=57)
[harness] lolo cla fold 58/59 (held_out=58)
[harness] lolo cla fold 59/59 (held_out=59)
[harness] lolo gp_corridor fold 1/59 (held_out=1)
[harness] lolo gp_corridor fold 2/59 (held_out=2)
[harness] lolo gp_corridor fold 3/59 (held_out=3)
[harness] lolo gp_corridor fold 4/59 (held_out=4)
[harness] lolo gp_corridor fold 5/59 (held_out=5)
[harness] lolo gp_corridor fold 6/59 (held_out=6)
[harness] lolo gp_corridor fold 7/59 (held_out=7)
[harness] lolo gp_corridor fold 8/59 (held_out=8)
[harness] lolo gp_corridor fold 9/59 (held_out=9)
[harness] lolo gp_corridor fold 10/59 (held_out=10)
[harness] lolo gp_corridor fold 11/59 (held_out=11)
[harness] lolo gp_corridor fold 12/59 (held_out=12)
[harness] lolo gp_corridor fold 13/59 (held_out=13)
[harness] lolo gp_corridor fold 14/59 (held_out=14)
[harness] lolo gp_corridor fold 15/59 (held_out=15)
[harness] lolo gp_corridor fold 16/59 (held_out=16)
[harness] lolo gp_corridor fold 17/59 (held_out=17)
[harness] lolo gp_corridor fold 18/59 (held_out=18)
[harness] lolo gp_corridor fold 19/59 (held_out=19)
[harness] lolo gp_corridor fold 20/59 (held_out=20)
[harness] lolo gp_corridor fold 21/59 (held_out=21)
[harness] lolo gp_corridor fold 22/59 (held_out=22)
[harness] lolo gp_corridor fold 23/59 (held_out=23)
[harness] lolo gp_corridor fold 24/59 (held_out=24)
[harness] lolo gp_corridor fold 25/59 (held_out=25)
[harness] lolo gp_corridor fold 26/59 (held_out=26)
[harness] lolo gp_corridor fold 27/59 (held_out=27)
[harness] lolo gp_corridor fold 28/59 (held_out=28)
[harness] lolo gp_corridor fold 29/59 (held_out=29)
[harness] lolo gp_corridor fold 30/59 (held_out=30)
[harness] lolo gp_corridor fold 31/59 (held_out=31)
[harness] lolo gp_corridor fold 32/59 (held_out=32)
[harness] lolo gp_corridor fold 33/59 (held_out=33)
[harness] lolo gp_corridor fold 34/59 (held_out=34)
[harness] lolo gp_corridor fold 35/59 (held_out=35)
[harness] lolo gp_corridor fold 36/59 (held_out=36)
[harness] lolo gp_corridor fold 37/59 (held_out=37)
[harness] lolo gp_corridor fold 38/59 (held_out=38)
[harness] lolo gp_corridor fold 39/59 (held_out=39)
[harness] lolo gp_corridor fold 40/59 (held_out=40)
[harness] lolo gp_corridor fold 41/59 (held_out=41)
[harness] lolo gp_corridor fold 42/59 (held_out=42)
[harness] lolo gp_corridor fold 43/59 (held_out=43)
[harness] lolo gp_corridor fold 44/59 (held_out=44)
[harness] lolo gp_corridor fold 45/59 (held_out=45)
[harness] lolo gp_corridor fold 46/59 (held_out=46)
[harness] lolo gp_corridor fold 47/59 (held_out=47)
[harness] lolo gp_corridor fold 48/59 (held_out=48)
[harness] lolo gp_corridor fold 49/59 (held_out=49)
[harness] lolo gp_corridor fold 50/59 (held_out=50)
[harness] lolo gp_corridor fold 51/59 (held_out=51)
[harness] lolo gp_corridor fold 52/59 (held_out=52)
[harness] lolo gp_corridor fold 53/59 (held_out=53)
[harness] lolo gp_corridor fold 54/59 (held_out=54)
[harness] lolo gp_corridor fold 55/59 (held_out=55)
[harness] lolo gp_corridor fold 56/59 (held_out=56)
[harness] lolo gp_corridor fold 57/59 (held_out=57)
[harness] lolo gp_corridor fold 58/59 (held_out=58)
[harness] lolo gp_corridor fold 59/59 (held_out=59)
[harness] lolo multiband_wcl fold 1/59 (held_out=1)
[harness] lolo multiband_wcl fold 2/59 (held_out=2)
[harness] lolo multiband_wcl fold 3/59 (held_out=3)
[harness] lolo multiband_wcl fold 4/59 (held_out=4)
[harness] lolo multiband_wcl fold 5/59 (held_out=5)
[harness] lolo multiband_wcl fold 6/59 (held_out=6)
[harness] lolo multiband_wcl fold 7/59 (held_out=7)
[harness] lolo multiband_wcl fold 8/59 (held_out=8)
[harness] lolo multiband_wcl fold 9/59 (held_out=9)
[harness] lolo multiband_wcl fold 10/59 (held_out=10)
[harness] lolo multiband_wcl fold 11/59 (held_out=11)
[harness] lolo multiband_wcl fold 12/59 (held_out=12)
[harness] lolo multiband_wcl fold 13/59 (held_out=13)
[harness] lolo multiband_wcl fold 14/59 (held_out=14)
[harness] lolo multiband_wcl fold 15/59 (held_out=15)
[harness] lolo multiband_wcl fold 16/59 (held_out=16)
[harness] lolo multiband_wcl fold 17/59 (held_out=17)
[harness] lolo multiband_wcl fold 18/59 (held_out=18)
[harness] lolo multiband_wcl fold 19/59 (held_out=19)
[harness] lolo multiband_wcl fold 20/59 (held_out=20)
[harness] lolo multiband_wcl fold 21/59 (held_out=21)
[harness] lolo multiband_wcl fold 22/59 (held_out=22)
[harness] lolo multiband_wcl fold 23/59 (held_out=23)
[harness] lolo multiband_wcl fold 24/59 (held_out=24)
[harness] lolo multiband_wcl fold 25/59 (held_out=25)
[harness] lolo multiband_wcl fold 26/59 (held_out=26)
[harness] lolo multiband_wcl fold 27/59 (held_out=27)
[harness] lolo multiband_wcl fold 28/59 (held_out=28)
[harness] lolo multiband_wcl fold 29/59 (held_out=29)
[harness] lolo multiband_wcl fold 30/59 (held_out=30)
[harness] lolo multiband_wcl fold 31/59 (held_out=31)
[harness] lolo multiband_wcl fold 32/59 (held_out=32)
[harness] lolo multiband_wcl fold 33/59 (held_out=33)
[harness] lolo multiband_wcl fold 34/59 (held_out=34)
[harness] lolo multiband_wcl fold 35/59 (held_out=35)
[harness] lolo multiband_wcl fold 36/59 (held_out=36)
[harness] lolo multiband_wcl fold 37/59 (held_out=37)
[harness] lolo multiband_wcl fold 38/59 (held_out=38)
[harness] lolo multiband_wcl fold 39/59 (held_out=39)
[harness] lolo multiband_wcl fold 40/59 (held_out=40)
[harness] lolo multiband_wcl fold 41/59 (held_out=41)
[harness] lolo multiband_wcl fold 42/59 (held_out=42)
[harness] lolo multiband_wcl fold 43/59 (held_out=43)
[harness] lolo multiband_wcl fold 44/59 (held_out=44)
[harness] lolo multiband_wcl fold 45/59 (held_out=45)
[harness] lolo multiband_wcl fold 46/59 (held_out=46)
[harness] lolo multiband_wcl fold 47/59 (held_out=47)
[harness] lolo multiband_wcl fold 48/59 (held_out=48)
[harness] lolo multiband_wcl fold 49/59 (held_out=49)
[harness] lolo multiband_wcl fold 50/59 (held_out=50)
[harness] lolo multiband_wcl fold 51/59 (held_out=51)
[harness] lolo multiband_wcl fold 52/59 (held_out=52)
[harness] lolo multiband_wcl fold 53/59 (held_out=53)
[harness] lolo multiband_wcl fold 54/59 (held_out=54)
[harness] lolo multiband_wcl fold 55/59 (held_out=55)
[harness] lolo multiband_wcl fold 56/59 (held_out=56)
[harness] lolo multiband_wcl fold 57/59 (held_out=57)
[harness] lolo multiband_wcl fold 58/59 (held_out=58)
[harness] lolo multiband_wcl fold 59/59 (held_out=59)
[harness] lolo pbl fold 1/59 (held_out=1)
[harness] lolo pbl fold 2/59 (held_out=2)
[harness] lolo pbl fold 3/59 (held_out=3)
[harness] lolo pbl fold 4/59 (held_out=4)
[harness] lolo pbl fold 5/59 (held_out=5)
[harness] lolo pbl fold 6/59 (held_out=6)
[harness] lolo pbl fold 7/59 (held_out=7)
[harness] lolo pbl fold 8/59 (held_out=8)
[harness] lolo pbl fold 9/59 (held_out=9)
[harness] lolo pbl fold 10/59 (held_out=10)
[harness] lolo pbl fold 11/59 (held_out=11)
[harness] lolo pbl fold 12/59 (held_out=12)
[harness] lolo pbl fold 13/59 (held_out=13)
[harness] lolo pbl fold 14/59 (held_out=14)
[harness] lolo pbl fold 15/59 (held_out=15)
[harness] lolo pbl fold 16/59 (held_out=16)
[harness] lolo pbl fold 17/59 (held_out=17)
[harness] lolo pbl fold 18/59 (held_out=18)
[harness] lolo pbl fold 19/59 (held_out=19)
[harness] lolo pbl fold 20/59 (held_out=20)
[harness] lolo pbl fold 21/59 (held_out=21)
[harness] lolo pbl fold 22/59 (held_out=22)
[harness] lolo pbl fold 23/59 (held_out=23)
[harness] lolo pbl fold 24/59 (held_out=24)
[harness] lolo pbl fold 25/59 (held_out=25)
[harness] lolo pbl fold 26/59 (held_out=26)
[harness] lolo pbl fold 27/59 (held_out=27)
[harness] lolo pbl fold 28/59 (held_out=28)
[harness] lolo pbl fold 29/59 (held_out=29)
[harness] lolo pbl fold 30/59 (held_out=30)
[harness] lolo pbl fold 31/59 (held_out=31)
[harness] lolo pbl fold 32/59 (held_out=32)
[harness] lolo pbl fold 33/59 (held_out=33)
[harness] lolo pbl fold 34/59 (held_out=34)
[harness] lolo pbl fold 35/59 (held_out=35)
[harness] lolo pbl fold 36/59 (held_out=36)
[harness] lolo pbl fold 37/59 (held_out=37)
[harness] lolo pbl fold 38/59 (held_out=38)
[harness] lolo pbl fold 39/59 (held_out=39)
[harness] lolo pbl fold 40/59 (held_out=40)
[harness] lolo pbl fold 41/59 (held_out=41)
[harness] lolo pbl fold 42/59 (held_out=42)
[harness] lolo pbl fold 43/59 (held_out=43)
[harness] lolo pbl fold 44/59 (held_out=44)
[harness] lolo pbl fold 45/59 (held_out=45)
[harness] lolo pbl fold 46/59 (held_out=46)
[harness] lolo pbl fold 47/59 (held_out=47)
[harness] lolo pbl fold 48/59 (held_out=48)
[harness] lolo pbl fold 49/59 (held_out=49)
[harness] lolo pbl fold 50/59 (held_out=50)
[harness] lolo pbl fold 51/59 (held_out=51)
[harness] lolo pbl fold 52/59 (held_out=52)
[harness] lolo pbl fold 53/59 (held_out=53)
[harness] lolo pbl fold 54/59 (held_out=54)
[harness] lolo pbl fold 55/59 (held_out=55)
[harness] lolo pbl fold 56/59 (held_out=56)
[harness] lolo pbl fold 57/59 (held_out=57)
[harness] lolo pbl fold 58/59 (held_out=58)
[harness] lolo pbl fold 59/59 (held_out=59)
[harness] lolo rank_fp fold 1/59 (held_out=1)
[harness] lolo rank_fp fold 2/59 (held_out=2)
[harness] lolo rank_fp fold 3/59 (held_out=3)
[harness] lolo rank_fp fold 4/59 (held_out=4)
[harness] lolo rank_fp fold 5/59 (held_out=5)
[harness] lolo rank_fp fold 6/59 (held_out=6)
[harness] lolo rank_fp fold 7/59 (held_out=7)
[harness] lolo rank_fp fold 8/59 (held_out=8)
[harness] lolo rank_fp fold 9/59 (held_out=9)
[harness] lolo rank_fp fold 10/59 (held_out=10)
[harness] lolo rank_fp fold 11/59 (held_out=11)
[harness] lolo rank_fp fold 12/59 (held_out=12)
[harness] lolo rank_fp fold 13/59 (held_out=13)
[harness] lolo rank_fp fold 14/59 (held_out=14)
[harness] lolo rank_fp fold 15/59 (held_out=15)
[harness] lolo rank_fp fold 16/59 (held_out=16)
[harness] lolo rank_fp fold 17/59 (held_out=17)
[harness] lolo rank_fp fold 18/59 (held_out=18)
[harness] lolo rank_fp fold 19/59 (held_out=19)
[harness] lolo rank_fp fold 20/59 (held_out=20)
[harness] lolo rank_fp fold 21/59 (held_out=21)
[harness] lolo rank_fp fold 22/59 (held_out=22)
[harness] lolo rank_fp fold 23/59 (held_out=23)
[harness] lolo rank_fp fold 24/59 (held_out=24)
[harness] lolo rank_fp fold 25/59 (held_out=25)
[harness] lolo rank_fp fold 26/59 (held_out=26)
[harness] lolo rank_fp fold 27/59 (held_out=27)
[harness] lolo rank_fp fold 28/59 (held_out=28)
[harness] lolo rank_fp fold 29/59 (held_out=29)
[harness] lolo rank_fp fold 30/59 (held_out=30)
[harness] lolo rank_fp fold 31/59 (held_out=31)
[harness] lolo rank_fp fold 32/59 (held_out=32)
[harness] lolo rank_fp fold 33/59 (held_out=33)
[harness] lolo rank_fp fold 34/59 (held_out=34)
[harness] lolo rank_fp fold 35/59 (held_out=35)
[harness] lolo rank_fp fold 36/59 (held_out=36)
[harness] lolo rank_fp fold 37/59 (held_out=37)
[harness] lolo rank_fp fold 38/59 (held_out=38)
[harness] lolo rank_fp fold 39/59 (held_out=39)
[harness] lolo rank_fp fold 40/59 (held_out=40)
[harness] lolo rank_fp fold 41/59 (held_out=41)
[harness] lolo rank_fp fold 42/59 (held_out=42)
[harness] lolo rank_fp fold 43/59 (held_out=43)
[harness] lolo rank_fp fold 44/59 (held_out=44)
[harness] lolo rank_fp fold 45/59 (held_out=45)
[harness] lolo rank_fp fold 46/59 (held_out=46)
[harness] lolo rank_fp fold 47/59 (held_out=47)
[harness] lolo rank_fp fold 48/59 (held_out=48)
[harness] lolo rank_fp fold 49/59 (held_out=49)
[harness] lolo rank_fp fold 50/59 (held_out=50)
[harness] lolo rank_fp fold 51/59 (held_out=51)
[harness] lolo rank_fp fold 52/59 (held_out=52)
[harness] lolo rank_fp fold 53/59 (held_out=53)
[harness] lolo rank_fp fold 54/59 (held_out=54)
[harness] lolo rank_fp fold 55/59 (held_out=55)
[harness] lolo rank_fp fold 56/59 (held_out=56)
[harness] lolo rank_fp fold 57/59 (held_out=57)
[harness] lolo rank_fp fold 58/59 (held_out=58)
[harness] lolo rank_fp fold 59/59 (held_out=59)
[harness] lolo studentt_fp fold 1/59 (held_out=1)
[harness] lolo studentt_fp fold 2/59 (held_out=2)
[harness] lolo studentt_fp fold 3/59 (held_out=3)
[harness] lolo studentt_fp fold 4/59 (held_out=4)
[harness] lolo studentt_fp fold 5/59 (held_out=5)
[harness] lolo studentt_fp fold 6/59 (held_out=6)
[harness] lolo studentt_fp fold 7/59 (held_out=7)
[harness] lolo studentt_fp fold 8/59 (held_out=8)
[harness] lolo studentt_fp fold 9/59 (held_out=9)
[harness] lolo studentt_fp fold 10/59 (held_out=10)
[harness] lolo studentt_fp fold 11/59 (held_out=11)
[harness] lolo studentt_fp fold 12/59 (held_out=12)
[harness] lolo studentt_fp fold 13/59 (held_out=13)
[harness] lolo studentt_fp fold 14/59 (held_out=14)
[harness] lolo studentt_fp fold 15/59 (held_out=15)
[harness] lolo studentt_fp fold 16/59 (held_out=16)
[harness] lolo studentt_fp fold 17/59 (held_out=17)
[harness] lolo studentt_fp fold 18/59 (held_out=18)
[harness] lolo studentt_fp fold 19/59 (held_out=19)
[harness] lolo studentt_fp fold 20/59 (held_out=20)
[harness] lolo studentt_fp fold 21/59 (held_out=21)
[harness] lolo studentt_fp fold 22/59 (held_out=22)
[harness] lolo studentt_fp fold 23/59 (held_out=23)
[harness] lolo studentt_fp fold 24/59 (held_out=24)
[harness] lolo studentt_fp fold 25/59 (held_out=25)
[harness] lolo studentt_fp fold 26/59 (held_out=26)
[harness] lolo studentt_fp fold 27/59 (held_out=27)
[harness] lolo studentt_fp fold 28/59 (held_out=28)
[harness] lolo studentt_fp fold 29/59 (held_out=29)
[harness] lolo studentt_fp fold 30/59 (held_out=30)
[harness] lolo studentt_fp fold 31/59 (held_out=31)
[harness] lolo studentt_fp fold 32/59 (held_out=32)
[harness] lolo studentt_fp fold 33/59 (held_out=33)
[harness] lolo studentt_fp fold 34/59 (held_out=34)
[harness] lolo studentt_fp fold 35/59 (held_out=35)
[harness] lolo studentt_fp fold 36/59 (held_out=36)
[harness] lolo studentt_fp fold 37/59 (held_out=37)
[harness] lolo studentt_fp fold 38/59 (held_out=38)
[harness] lolo studentt_fp fold 39/59 (held_out=39)
[harness] lolo studentt_fp fold 40/59 (held_out=40)
[harness] lolo studentt_fp fold 41/59 (held_out=41)
[harness] lolo studentt_fp fold 42/59 (held_out=42)
[harness] lolo studentt_fp fold 43/59 (held_out=43)
[harness] lolo studentt_fp fold 44/59 (held_out=44)
[harness] lolo studentt_fp fold 45/59 (held_out=45)
[harness] lolo studentt_fp fold 46/59 (held_out=46)
[harness] lolo studentt_fp fold 47/59 (held_out=47)
[harness] lolo studentt_fp fold 48/59 (held_out=48)
[harness] lolo studentt_fp fold 49/59 (held_out=49)
[harness] lolo studentt_fp fold 50/59 (held_out=50)
[harness] lolo studentt_fp fold 51/59 (held_out=51)
[harness] lolo studentt_fp fold 52/59 (held_out=52)
[harness] lolo studentt_fp fold 53/59 (held_out=53)
[harness] lolo studentt_fp fold 54/59 (held_out=54)
[harness] lolo studentt_fp fold 55/59 (held_out=55)
[harness] lolo studentt_fp fold 56/59 (held_out=56)
[harness] lolo studentt_fp fold 57/59 (held_out=57)
[harness] lolo studentt_fp fold 58/59 (held_out=58)
[harness] lolo studentt_fp fold 59/59 (held_out=59)
[harness] lolo wcl fold 1/59 (held_out=1)
[harness] lolo wcl fold 2/59 (held_out=2)
[harness] lolo wcl fold 3/59 (held_out=3)
[harness] lolo wcl fold 4/59 (held_out=4)
[harness] lolo wcl fold 5/59 (held_out=5)
[harness] lolo wcl fold 6/59 (held_out=6)
[harness] lolo wcl fold 7/59 (held_out=7)
[harness] lolo wcl fold 8/59 (held_out=8)
[harness] lolo wcl fold 9/59 (held_out=9)
[harness] lolo wcl fold 10/59 (held_out=10)
[harness] lolo wcl fold 11/59 (held_out=11)
[harness] lolo wcl fold 12/59 (held_out=12)
[harness] lolo wcl fold 13/59 (held_out=13)
[harness] lolo wcl fold 14/59 (held_out=14)
[harness] lolo wcl fold 15/59 (held_out=15)
[harness] lolo wcl fold 16/59 (held_out=16)
[harness] lolo wcl fold 17/59 (held_out=17)
[harness] lolo wcl fold 18/59 (held_out=18)
[harness] lolo wcl fold 19/59 (held_out=19)
[harness] lolo wcl fold 20/59 (held_out=20)
[harness] lolo wcl fold 21/59 (held_out=21)
[harness] lolo wcl fold 22/59 (held_out=22)
[harness] lolo wcl fold 23/59 (held_out=23)
[harness] lolo wcl fold 24/59 (held_out=24)
[harness] lolo wcl fold 25/59 (held_out=25)
[harness] lolo wcl fold 26/59 (held_out=26)
[harness] lolo wcl fold 27/59 (held_out=27)
[harness] lolo wcl fold 28/59 (held_out=28)
[harness] lolo wcl fold 29/59 (held_out=29)
[harness] lolo wcl fold 30/59 (held_out=30)
[harness] lolo wcl fold 31/59 (held_out=31)
[harness] lolo wcl fold 32/59 (held_out=32)
[harness] lolo wcl fold 33/59 (held_out=33)
[harness] lolo wcl fold 34/59 (held_out=34)
[harness] lolo wcl fold 35/59 (held_out=35)
[harness] lolo wcl fold 36/59 (held_out=36)
[harness] lolo wcl fold 37/59 (held_out=37)
[harness] lolo wcl fold 38/59 (held_out=38)
[harness] lolo wcl fold 39/59 (held_out=39)
[harness] lolo wcl fold 40/59 (held_out=40)
[harness] lolo wcl fold 41/59 (held_out=41)
[harness] lolo wcl fold 42/59 (held_out=42)
[harness] lolo wcl fold 43/59 (held_out=43)
[harness] lolo wcl fold 44/59 (held_out=44)
[harness] lolo wcl fold 45/59 (held_out=45)
[harness] lolo wcl fold 46/59 (held_out=46)
[harness] lolo wcl fold 47/59 (held_out=47)
[harness] lolo wcl fold 48/59 (held_out=48)
[harness] lolo wcl fold 49/59 (held_out=49)
[harness] lolo wcl fold 50/59 (held_out=50)
[harness] lolo wcl fold 51/59 (held_out=51)
[harness] lolo wcl fold 52/59 (held_out=52)
[harness] lolo wcl fold 53/59 (held_out=53)
[harness] lolo wcl fold 54/59 (held_out=54)
[harness] lolo wcl fold 55/59 (held_out=55)
[harness] lolo wcl fold 56/59 (held_out=56)
[harness] lolo wcl fold 57/59 (held_out=57)
[harness] lolo wcl fold 58/59 (held_out=58)
[harness] lolo wcl fold 59/59 (held_out=59)
[harness] lolo wcl_blacklist fold 1/59 (held_out=1)
[harness] lolo wcl_blacklist fold 2/59 (held_out=2)
[harness] lolo wcl_blacklist fold 3/59 (held_out=3)
[harness] lolo wcl_blacklist fold 4/59 (held_out=4)
[harness] lolo wcl_blacklist fold 5/59 (held_out=5)
[harness] lolo wcl_blacklist fold 6/59 (held_out=6)
[harness] lolo wcl_blacklist fold 7/59 (held_out=7)
[harness] lolo wcl_blacklist fold 8/59 (held_out=8)
[harness] lolo wcl_blacklist fold 9/59 (held_out=9)
[harness] lolo wcl_blacklist fold 10/59 (held_out=10)
[harness] lolo wcl_blacklist fold 11/59 (held_out=11)
[harness] lolo wcl_blacklist fold 12/59 (held_out=12)
[harness] lolo wcl_blacklist fold 13/59 (held_out=13)
[harness] lolo wcl_blacklist fold 14/59 (held_out=14)
[harness] lolo wcl_blacklist fold 15/59 (held_out=15)
[harness] lolo wcl_blacklist fold 16/59 (held_out=16)
[harness] lolo wcl_blacklist fold 17/59 (held_out=17)
[harness] lolo wcl_blacklist fold 18/59 (held_out=18)
[harness] lolo wcl_blacklist fold 19/59 (held_out=19)
[harness] lolo wcl_blacklist fold 20/59 (held_out=20)
[harness] lolo wcl_blacklist fold 21/59 (held_out=21)
[harness] lolo wcl_blacklist fold 22/59 (held_out=22)
[harness] lolo wcl_blacklist fold 23/59 (held_out=23)
[harness] lolo wcl_blacklist fold 24/59 (held_out=24)
[harness] lolo wcl_blacklist fold 25/59 (held_out=25)
[harness] lolo wcl_blacklist fold 26/59 (held_out=26)
[harness] lolo wcl_blacklist fold 27/59 (held_out=27)
[harness] lolo wcl_blacklist fold 28/59 (held_out=28)
[harness] lolo wcl_blacklist fold 29/59 (held_out=29)
[harness] lolo wcl_blacklist fold 30/59 (held_out=30)
[harness] lolo wcl_blacklist fold 31/59 (held_out=31)
[harness] lolo wcl_blacklist fold 32/59 (held_out=32)
[harness] lolo wcl_blacklist fold 33/59 (held_out=33)
[harness] lolo wcl_blacklist fold 34/59 (held_out=34)
[harness] lolo wcl_blacklist fold 35/59 (held_out=35)
[harness] lolo wcl_blacklist fold 36/59 (held_out=36)
[harness] lolo wcl_blacklist fold 37/59 (held_out=37)
[harness] lolo wcl_blacklist fold 38/59 (held_out=38)
[harness] lolo wcl_blacklist fold 39/59 (held_out=39)
[harness] lolo wcl_blacklist fold 40/59 (held_out=40)
[harness] lolo wcl_blacklist fold 41/59 (held_out=41)
[harness] lolo wcl_blacklist fold 42/59 (held_out=42)
[harness] lolo wcl_blacklist fold 43/59 (held_out=43)
[harness] lolo wcl_blacklist fold 44/59 (held_out=44)
[harness] lolo wcl_blacklist fold 45/59 (held_out=45)
[harness] lolo wcl_blacklist fold 46/59 (held_out=46)
[harness] lolo wcl_blacklist fold 47/59 (held_out=47)
[harness] lolo wcl_blacklist fold 48/59 (held_out=48)
[harness] lolo wcl_blacklist fold 49/59 (held_out=49)
[harness] lolo wcl_blacklist fold 50/59 (held_out=50)
[harness] lolo wcl_blacklist fold 51/59 (held_out=51)
[harness] lolo wcl_blacklist fold 52/59 (held_out=52)
[harness] lolo wcl_blacklist fold 53/59 (held_out=53)
[harness] lolo wcl_blacklist fold 54/59 (held_out=54)
[harness] lolo wcl_blacklist fold 55/59 (held_out=55)
[harness] lolo wcl_blacklist fold 56/59 (held_out=56)
[harness] lolo wcl_blacklist fold 57/59 (held_out=57)
[harness] lolo wcl_blacklist fold 58/59 (held_out=58)
[harness] lolo wcl_blacklist fold 59/59 (held_out=59)
[harness] lolo wcl_corridor fold 1/59 (held_out=1)
[harness] lolo wcl_corridor fold 2/59 (held_out=2)
[harness] lolo wcl_corridor fold 3/59 (held_out=3)
[harness] lolo wcl_corridor fold 4/59 (held_out=4)
[harness] lolo wcl_corridor fold 5/59 (held_out=5)
[harness] lolo wcl_corridor fold 6/59 (held_out=6)
[harness] lolo wcl_corridor fold 7/59 (held_out=7)
[harness] lolo wcl_corridor fold 8/59 (held_out=8)
[harness] lolo wcl_corridor fold 9/59 (held_out=9)
[harness] lolo wcl_corridor fold 10/59 (held_out=10)
[harness] lolo wcl_corridor fold 11/59 (held_out=11)
[harness] lolo wcl_corridor fold 12/59 (held_out=12)
[harness] lolo wcl_corridor fold 13/59 (held_out=13)
[harness] lolo wcl_corridor fold 14/59 (held_out=14)
[harness] lolo wcl_corridor fold 15/59 (held_out=15)
[harness] lolo wcl_corridor fold 16/59 (held_out=16)
[harness] lolo wcl_corridor fold 17/59 (held_out=17)
[harness] lolo wcl_corridor fold 18/59 (held_out=18)
[harness] lolo wcl_corridor fold 19/59 (held_out=19)
[harness] lolo wcl_corridor fold 20/59 (held_out=20)
[harness] lolo wcl_corridor fold 21/59 (held_out=21)
[harness] lolo wcl_corridor fold 22/59 (held_out=22)
[harness] lolo wcl_corridor fold 23/59 (held_out=23)
[harness] lolo wcl_corridor fold 24/59 (held_out=24)
[harness] lolo wcl_corridor fold 25/59 (held_out=25)
[harness] lolo wcl_corridor fold 26/59 (held_out=26)
[harness] lolo wcl_corridor fold 27/59 (held_out=27)
[harness] lolo wcl_corridor fold 28/59 (held_out=28)
[harness] lolo wcl_corridor fold 29/59 (held_out=29)
[harness] lolo wcl_corridor fold 30/59 (held_out=30)
[harness] lolo wcl_corridor fold 31/59 (held_out=31)
[harness] lolo wcl_corridor fold 32/59 (held_out=32)
[harness] lolo wcl_corridor fold 33/59 (held_out=33)
[harness] lolo wcl_corridor fold 34/59 (held_out=34)
[harness] lolo wcl_corridor fold 35/59 (held_out=35)
[harness] lolo wcl_corridor fold 36/59 (held_out=36)
[harness] lolo wcl_corridor fold 37/59 (held_out=37)
[harness] lolo wcl_corridor fold 38/59 (held_out=38)
[harness] lolo wcl_corridor fold 39/59 (held_out=39)
[harness] lolo wcl_corridor fold 40/59 (held_out=40)
[harness] lolo wcl_corridor fold 41/59 (held_out=41)
[harness] lolo wcl_corridor fold 42/59 (held_out=42)
[harness] lolo wcl_corridor fold 43/59 (held_out=43)
[harness] lolo wcl_corridor fold 44/59 (held_out=44)
[harness] lolo wcl_corridor fold 45/59 (held_out=45)
[harness] lolo wcl_corridor fold 46/59 (held_out=46)
[harness] lolo wcl_corridor fold 47/59 (held_out=47)
[harness] lolo wcl_corridor fold 48/59 (held_out=48)
[harness] lolo wcl_corridor fold 49/59 (held_out=49)
[harness] lolo wcl_corridor fold 50/59 (held_out=50)
[harness] lolo wcl_corridor fold 51/59 (held_out=51)
[harness] lolo wcl_corridor fold 52/59 (held_out=52)
[harness] lolo wcl_corridor fold 53/59 (held_out=53)
[harness] lolo wcl_corridor fold 54/59 (held_out=54)
[harness] lolo wcl_corridor fold 55/59 (held_out=55)
[harness] lolo wcl_corridor fold 56/59 (held_out=56)
[harness] lolo wcl_corridor fold 57/59 (held_out=57)
[harness] lolo wcl_corridor fold 58/59 (held_out=58)
[harness] lolo wcl_corridor fold 59/59 (held_out=59)
[harness] lolo wcl_linpower fold 1/59 (held_out=1)
[harness] lolo wcl_linpower fold 2/59 (held_out=2)
[harness] lolo wcl_linpower fold 3/59 (held_out=3)
[harness] lolo wcl_linpower fold 4/59 (held_out=4)
[harness] lolo wcl_linpower fold 5/59 (held_out=5)
[harness] lolo wcl_linpower fold 6/59 (held_out=6)
[harness] lolo wcl_linpower fold 7/59 (held_out=7)
[harness] lolo wcl_linpower fold 8/59 (held_out=8)
[harness] lolo wcl_linpower fold 9/59 (held_out=9)
[harness] lolo wcl_linpower fold 10/59 (held_out=10)
[harness] lolo wcl_linpower fold 11/59 (held_out=11)
[harness] lolo wcl_linpower fold 12/59 (held_out=12)
[harness] lolo wcl_linpower fold 13/59 (held_out=13)
[harness] lolo wcl_linpower fold 14/59 (held_out=14)
[harness] lolo wcl_linpower fold 15/59 (held_out=15)
[harness] lolo wcl_linpower fold 16/59 (held_out=16)
[harness] lolo wcl_linpower fold 17/59 (held_out=17)
[harness] lolo wcl_linpower fold 18/59 (held_out=18)
[harness] lolo wcl_linpower fold 19/59 (held_out=19)
[harness] lolo wcl_linpower fold 20/59 (held_out=20)
[harness] lolo wcl_linpower fold 21/59 (held_out=21)
[harness] lolo wcl_linpower fold 22/59 (held_out=22)
[harness] lolo wcl_linpower fold 23/59 (held_out=23)
[harness] lolo wcl_linpower fold 24/59 (held_out=24)
[harness] lolo wcl_linpower fold 25/59 (held_out=25)
[harness] lolo wcl_linpower fold 26/59 (held_out=26)
[harness] lolo wcl_linpower fold 27/59 (held_out=27)
[harness] lolo wcl_linpower fold 28/59 (held_out=28)
[harness] lolo wcl_linpower fold 29/59 (held_out=29)
[harness] lolo wcl_linpower fold 30/59 (held_out=30)
[harness] lolo wcl_linpower fold 31/59 (held_out=31)
[harness] lolo wcl_linpower fold 32/59 (held_out=32)
[harness] lolo wcl_linpower fold 33/59 (held_out=33)
[harness] lolo wcl_linpower fold 34/59 (held_out=34)
[harness] lolo wcl_linpower fold 35/59 (held_out=35)
[harness] lolo wcl_linpower fold 36/59 (held_out=36)
[harness] lolo wcl_linpower fold 37/59 (held_out=37)
[harness] lolo wcl_linpower fold 38/59 (held_out=38)
[harness] lolo wcl_linpower fold 39/59 (held_out=39)
[harness] lolo wcl_linpower fold 40/59 (held_out=40)
[harness] lolo wcl_linpower fold 41/59 (held_out=41)
[harness] lolo wcl_linpower fold 42/59 (held_out=42)
[harness] lolo wcl_linpower fold 43/59 (held_out=43)
[harness] lolo wcl_linpower fold 44/59 (held_out=44)
[harness] lolo wcl_linpower fold 45/59 (held_out=45)
[harness] lolo wcl_linpower fold 46/59 (held_out=46)
[harness] lolo wcl_linpower fold 47/59 (held_out=47)
[harness] lolo wcl_linpower fold 48/59 (held_out=48)
[harness] lolo wcl_linpower fold 49/59 (held_out=49)
[harness] lolo wcl_linpower fold 50/59 (held_out=50)
[harness] lolo wcl_linpower fold 51/59 (held_out=51)
[harness] lolo wcl_linpower fold 52/59 (held_out=52)
[harness] lolo wcl_linpower fold 53/59 (held_out=53)
[harness] lolo wcl_linpower fold 54/59 (held_out=54)
[harness] lolo wcl_linpower fold 55/59 (held_out=55)
[harness] lolo wcl_linpower fold 56/59 (held_out=56)
[harness] lolo wcl_linpower fold 57/59 (held_out=57)
[harness] lolo wcl_linpower fold 58/59 (held_out=58)
[harness] lolo wcl_linpower fold 59/59 (held_out=59)
[harness] lolo wcl_powerdomain fold 1/59 (held_out=1)
[harness] lolo wcl_powerdomain fold 2/59 (held_out=2)
[harness] lolo wcl_powerdomain fold 3/59 (held_out=3)
[harness] lolo wcl_powerdomain fold 4/59 (held_out=4)
[harness] lolo wcl_powerdomain fold 5/59 (held_out=5)
[harness] lolo wcl_powerdomain fold 6/59 (held_out=6)
[harness] lolo wcl_powerdomain fold 7/59 (held_out=7)
[harness] lolo wcl_powerdomain fold 8/59 (held_out=8)
[harness] lolo wcl_powerdomain fold 9/59 (held_out=9)
[harness] lolo wcl_powerdomain fold 10/59 (held_out=10)
[harness] lolo wcl_powerdomain fold 11/59 (held_out=11)
[harness] lolo wcl_powerdomain fold 12/59 (held_out=12)
[harness] lolo wcl_powerdomain fold 13/59 (held_out=13)
[harness] lolo wcl_powerdomain fold 14/59 (held_out=14)
[harness] lolo wcl_powerdomain fold 15/59 (held_out=15)
[harness] lolo wcl_powerdomain fold 16/59 (held_out=16)
[harness] lolo wcl_powerdomain fold 17/59 (held_out=17)
[harness] lolo wcl_powerdomain fold 18/59 (held_out=18)
[harness] lolo wcl_powerdomain fold 19/59 (held_out=19)
[harness] lolo wcl_powerdomain fold 20/59 (held_out=20)
[harness] lolo wcl_powerdomain fold 21/59 (held_out=21)
[harness] lolo wcl_powerdomain fold 22/59 (held_out=22)
[harness] lolo wcl_powerdomain fold 23/59 (held_out=23)
[harness] lolo wcl_powerdomain fold 24/59 (held_out=24)
[harness] lolo wcl_powerdomain fold 25/59 (held_out=25)
[harness] lolo wcl_powerdomain fold 26/59 (held_out=26)
[harness] lolo wcl_powerdomain fold 27/59 (held_out=27)
[harness] lolo wcl_powerdomain fold 28/59 (held_out=28)
[harness] lolo wcl_powerdomain fold 29/59 (held_out=29)
[harness] lolo wcl_powerdomain fold 30/59 (held_out=30)
[harness] lolo wcl_powerdomain fold 31/59 (held_out=31)
[harness] lolo wcl_powerdomain fold 32/59 (held_out=32)
[harness] lolo wcl_powerdomain fold 33/59 (held_out=33)
[harness] lolo wcl_powerdomain fold 34/59 (held_out=34)
[harness] lolo wcl_powerdomain fold 35/59 (held_out=35)
[harness] lolo wcl_powerdomain fold 36/59 (held_out=36)
[harness] lolo wcl_powerdomain fold 37/59 (held_out=37)
[harness] lolo wcl_powerdomain fold 38/59 (held_out=38)
[harness] lolo wcl_powerdomain fold 39/59 (held_out=39)
[harness] lolo wcl_powerdomain fold 40/59 (held_out=40)
[harness] lolo wcl_powerdomain fold 41/59 (held_out=41)
[harness] lolo wcl_powerdomain fold 42/59 (held_out=42)
[harness] lolo wcl_powerdomain fold 43/59 (held_out=43)
[harness] lolo wcl_powerdomain fold 44/59 (held_out=44)
[harness] lolo wcl_powerdomain fold 45/59 (held_out=45)
[harness] lolo wcl_powerdomain fold 46/59 (held_out=46)
[harness] lolo wcl_powerdomain fold 47/59 (held_out=47)
[harness] lolo wcl_powerdomain fold 48/59 (held_out=48)
[harness] lolo wcl_powerdomain fold 49/59 (held_out=49)
[harness] lolo wcl_powerdomain fold 50/59 (held_out=50)
[harness] lolo wcl_powerdomain fold 51/59 (held_out=51)
[harness] lolo wcl_powerdomain fold 52/59 (held_out=52)
[harness] lolo wcl_powerdomain fold 53/59 (held_out=53)
[harness] lolo wcl_powerdomain fold 54/59 (held_out=54)
[harness] lolo wcl_powerdomain fold 55/59 (held_out=55)
[harness] lolo wcl_powerdomain fold 56/59 (held_out=56)
[harness] lolo wcl_powerdomain fold 57/59 (held_out=57)
[harness] lolo wcl_powerdomain fold 58/59 (held_out=58)
[harness] lolo wcl_powerdomain fold 59/59 (held_out=59)
[harness] lolo wcl_topl fold 1/59 (held_out=1)
[harness] lolo wcl_topl fold 2/59 (held_out=2)
[harness] lolo wcl_topl fold 3/59 (held_out=3)
[harness] lolo wcl_topl fold 4/59 (held_out=4)
[harness] lolo wcl_topl fold 5/59 (held_out=5)
[harness] lolo wcl_topl fold 6/59 (held_out=6)
[harness] lolo wcl_topl fold 7/59 (held_out=7)
[harness] lolo wcl_topl fold 8/59 (held_out=8)
[harness] lolo wcl_topl fold 9/59 (held_out=9)
[harness] lolo wcl_topl fold 10/59 (held_out=10)
[harness] lolo wcl_topl fold 11/59 (held_out=11)
[harness] lolo wcl_topl fold 12/59 (held_out=12)
[harness] lolo wcl_topl fold 13/59 (held_out=13)
[harness] lolo wcl_topl fold 14/59 (held_out=14)
[harness] lolo wcl_topl fold 15/59 (held_out=15)
[harness] lolo wcl_topl fold 16/59 (held_out=16)
[harness] lolo wcl_topl fold 17/59 (held_out=17)
[harness] lolo wcl_topl fold 18/59 (held_out=18)
[harness] lolo wcl_topl fold 19/59 (held_out=19)
[harness] lolo wcl_topl fold 20/59 (held_out=20)
[harness] lolo wcl_topl fold 21/59 (held_out=21)
[harness] lolo wcl_topl fold 22/59 (held_out=22)
[harness] lolo wcl_topl fold 23/59 (held_out=23)
[harness] lolo wcl_topl fold 24/59 (held_out=24)
[harness] lolo wcl_topl fold 25/59 (held_out=25)
[harness] lolo wcl_topl fold 26/59 (held_out=26)
[harness] lolo wcl_topl fold 27/59 (held_out=27)
[harness] lolo wcl_topl fold 28/59 (held_out=28)
[harness] lolo wcl_topl fold 29/59 (held_out=29)
[harness] lolo wcl_topl fold 30/59 (held_out=30)
[harness] lolo wcl_topl fold 31/59 (held_out=31)
[harness] lolo wcl_topl fold 32/59 (held_out=32)
[harness] lolo wcl_topl fold 33/59 (held_out=33)
[harness] lolo wcl_topl fold 34/59 (held_out=34)
[harness] lolo wcl_topl fold 35/59 (held_out=35)
[harness] lolo wcl_topl fold 36/59 (held_out=36)
[harness] lolo wcl_topl fold 37/59 (held_out=37)
[harness] lolo wcl_topl fold 38/59 (held_out=38)
[harness] lolo wcl_topl fold 39/59 (held_out=39)
[harness] lolo wcl_topl fold 40/59 (held_out=40)
[harness] lolo wcl_topl fold 41/59 (held_out=41)
[harness] lolo wcl_topl fold 42/59 (held_out=42)
[harness] lolo wcl_topl fold 43/59 (held_out=43)
[harness] lolo wcl_topl fold 44/59 (held_out=44)
[harness] lolo wcl_topl fold 45/59 (held_out=45)
[harness] lolo wcl_topl fold 46/59 (held_out=46)
[harness] lolo wcl_topl fold 47/59 (held_out=47)
[harness] lolo wcl_topl fold 48/59 (held_out=48)
[harness] lolo wcl_topl fold 49/59 (held_out=49)
[harness] lolo wcl_topl fold 50/59 (held_out=50)
[harness] lolo wcl_topl fold 51/59 (held_out=51)
[harness] lolo wcl_topl fold 52/59 (held_out=52)
[harness] lolo wcl_topl fold 53/59 (held_out=53)
[harness] lolo wcl_topl fold 54/59 (held_out=54)
[harness] lolo wcl_topl fold 55/59 (held_out=55)
[harness] lolo wcl_topl fold 56/59 (held_out=56)
[harness] lolo wcl_topl fold 57/59 (held_out=57)
[harness] lolo wcl_topl fold 58/59 (held_out=58)
[harness] lolo wcl_topl fold 59/59 (held_out=59)
[harness] lolo wcl_varweight fold 1/59 (held_out=1)
[harness] lolo wcl_varweight fold 2/59 (held_out=2)
[harness] lolo wcl_varweight fold 3/59 (held_out=3)
[harness] lolo wcl_varweight fold 4/59 (held_out=4)
[harness] lolo wcl_varweight fold 5/59 (held_out=5)
[harness] lolo wcl_varweight fold 6/59 (held_out=6)
[harness] lolo wcl_varweight fold 7/59 (held_out=7)
[harness] lolo wcl_varweight fold 8/59 (held_out=8)
[harness] lolo wcl_varweight fold 9/59 (held_out=9)
[harness] lolo wcl_varweight fold 10/59 (held_out=10)
[harness] lolo wcl_varweight fold 11/59 (held_out=11)
[harness] lolo wcl_varweight fold 12/59 (held_out=12)
[harness] lolo wcl_varweight fold 13/59 (held_out=13)
[harness] lolo wcl_varweight fold 14/59 (held_out=14)
[harness] lolo wcl_varweight fold 15/59 (held_out=15)
[harness] lolo wcl_varweight fold 16/59 (held_out=16)
[harness] lolo wcl_varweight fold 17/59 (held_out=17)
[harness] lolo wcl_varweight fold 18/59 (held_out=18)
[harness] lolo wcl_varweight fold 19/59 (held_out=19)
[harness] lolo wcl_varweight fold 20/59 (held_out=20)
[harness] lolo wcl_varweight fold 21/59 (held_out=21)
[harness] lolo wcl_varweight fold 22/59 (held_out=22)
[harness] lolo wcl_varweight fold 23/59 (held_out=23)
[harness] lolo wcl_varweight fold 24/59 (held_out=24)
[harness] lolo wcl_varweight fold 25/59 (held_out=25)
[harness] lolo wcl_varweight fold 26/59 (held_out=26)
[harness] lolo wcl_varweight fold 27/59 (held_out=27)
[harness] lolo wcl_varweight fold 28/59 (held_out=28)
[harness] lolo wcl_varweight fold 29/59 (held_out=29)
[harness] lolo wcl_varweight fold 30/59 (held_out=30)
[harness] lolo wcl_varweight fold 31/59 (held_out=31)
[harness] lolo wcl_varweight fold 32/59 (held_out=32)
[harness] lolo wcl_varweight fold 33/59 (held_out=33)
[harness] lolo wcl_varweight fold 34/59 (held_out=34)
[harness] lolo wcl_varweight fold 35/59 (held_out=35)
[harness] lolo wcl_varweight fold 36/59 (held_out=36)
[harness] lolo wcl_varweight fold 37/59 (held_out=37)
[harness] lolo wcl_varweight fold 38/59 (held_out=38)
[harness] lolo wcl_varweight fold 39/59 (held_out=39)
[harness] lolo wcl_varweight fold 40/59 (held_out=40)
[harness] lolo wcl_varweight fold 41/59 (held_out=41)
[harness] lolo wcl_varweight fold 42/59 (held_out=42)
[harness] lolo wcl_varweight fold 43/59 (held_out=43)
[harness] lolo wcl_varweight fold 44/59 (held_out=44)
[harness] lolo wcl_varweight fold 45/59 (held_out=45)
[harness] lolo wcl_varweight fold 46/59 (held_out=46)
[harness] lolo wcl_varweight fold 47/59 (held_out=47)
[harness] lolo wcl_varweight fold 48/59 (held_out=48)
[harness] lolo wcl_varweight fold 49/59 (held_out=49)
[harness] lolo wcl_varweight fold 50/59 (held_out=50)
[harness] lolo wcl_varweight fold 51/59 (held_out=51)
[harness] lolo wcl_varweight fold 52/59 (held_out=52)
[harness] lolo wcl_varweight fold 53/59 (held_out=53)
[harness] lolo wcl_varweight fold 54/59 (held_out=54)
[harness] lolo wcl_varweight fold 55/59 (held_out=55)
[harness] lolo wcl_varweight fold 56/59 (held_out=56)
[harness] lolo wcl_varweight fold 57/59 (held_out=57)
[harness] lolo wcl_varweight fold 58/59 (held_out=58)
[harness] lolo wcl_varweight fold 59/59 (held_out=59)
[harness] lolo wknn fold 1/59 (held_out=1)
[harness] lolo wknn fold 2/59 (held_out=2)
[harness] lolo wknn fold 3/59 (held_out=3)
[harness] lolo wknn fold 4/59 (held_out=4)
[harness] lolo wknn fold 5/59 (held_out=5)
[harness] lolo wknn fold 6/59 (held_out=6)
[harness] lolo wknn fold 7/59 (held_out=7)
[harness] lolo wknn fold 8/59 (held_out=8)
[harness] lolo wknn fold 9/59 (held_out=9)
[harness] lolo wknn fold 10/59 (held_out=10)
[harness] lolo wknn fold 11/59 (held_out=11)
[harness] lolo wknn fold 12/59 (held_out=12)
[harness] lolo wknn fold 13/59 (held_out=13)
[harness] lolo wknn fold 14/59 (held_out=14)
[harness] lolo wknn fold 15/59 (held_out=15)
[harness] lolo wknn fold 16/59 (held_out=16)
[harness] lolo wknn fold 17/59 (held_out=17)
[harness] lolo wknn fold 18/59 (held_out=18)
[harness] lolo wknn fold 19/59 (held_out=19)
[harness] lolo wknn fold 20/59 (held_out=20)
[harness] lolo wknn fold 21/59 (held_out=21)
[harness] lolo wknn fold 22/59 (held_out=22)
[harness] lolo wknn fold 23/59 (held_out=23)
[harness] lolo wknn fold 24/59 (held_out=24)
[harness] lolo wknn fold 25/59 (held_out=25)
[harness] lolo wknn fold 26/59 (held_out=26)
[harness] lolo wknn fold 27/59 (held_out=27)
[harness] lolo wknn fold 28/59 (held_out=28)
[harness] lolo wknn fold 29/59 (held_out=29)
[harness] lolo wknn fold 30/59 (held_out=30)
[harness] lolo wknn fold 31/59 (held_out=31)
[harness] lolo wknn fold 32/59 (held_out=32)
[harness] lolo wknn fold 33/59 (held_out=33)
[harness] lolo wknn fold 34/59 (held_out=34)
[harness] lolo wknn fold 35/59 (held_out=35)
[harness] lolo wknn fold 36/59 (held_out=36)
[harness] lolo wknn fold 37/59 (held_out=37)
[harness] lolo wknn fold 38/59 (held_out=38)
[harness] lolo wknn fold 39/59 (held_out=39)
[harness] lolo wknn fold 40/59 (held_out=40)
[harness] lolo wknn fold 41/59 (held_out=41)
[harness] lolo wknn fold 42/59 (held_out=42)
[harness] lolo wknn fold 43/59 (held_out=43)
[harness] lolo wknn fold 44/59 (held_out=44)
[harness] lolo wknn fold 45/59 (held_out=45)
[harness] lolo wknn fold 46/59 (held_out=46)
[harness] lolo wknn fold 47/59 (held_out=47)
[harness] lolo wknn fold 48/59 (held_out=48)
[harness] lolo wknn fold 49/59 (held_out=49)
[harness] lolo wknn fold 50/59 (held_out=50)
[harness] lolo wknn fold 51/59 (held_out=51)
[harness] lolo wknn fold 52/59 (held_out=52)
[harness] lolo wknn fold 53/59 (held_out=53)
[harness] lolo wknn fold 54/59 (held_out=54)
[harness] lolo wknn fold 55/59 (held_out=55)
[harness] lolo wknn fold 56/59 (held_out=56)
[harness] lolo wknn fold 57/59 (held_out=57)
[harness] lolo wknn fold 58/59 (held_out=58)
[harness] lolo wknn fold 59/59 (held_out=59)
[cli] methods=['centered_fp', 'cla', 'gp_corridor', 'multiband_wcl', 'pbl', 'rank_fp', 'studentt_fp', 'wcl', 'wcl_blacklist', 'wcl_corridor', 'wcl_linpower', 'wcl_powerdomain', 'wcl_topl', 'wcl_varweight', 'wknn'] seed=0 B=1000 smoke=False

=== Summary (sorted by LOLO ave) ===
method              protoA_ave  lolo_ave  lolo_within2m
gp_corridor               1.01      0.72           0.90
wknn                      1.56      2.07           0.71
centered_fp               1.38      2.08           0.71
studentt_fp               1.13      2.32           0.58
rank_fp                   1.51      2.70           0.76
wcl_corridor              3.31      3.31           0.41
wcl_linpower              3.44      3.36           0.36
wcl_powerdomain           3.54      3.51           0.31
wcl                       3.54      3.51           0.31
wcl_topl                  3.56      3.52           0.31
wcl_blacklist             3.76      3.77           0.31
multiband_wcl             3.77      3.82           0.20
wcl_varweight             4.20      4.04           0.32
pbl                       4.45      4.52           0.24
cla                       7.55      7.02           0.12

[cli] wrote CSVs to results/, figures to doc/final_report/figures/, tables to doc/final_report/tables/
