[1m[33mwarning[39m[0m[1m:[0m [1mMalware checks are experimental and may change without warning. Pass `--preview-features malware-check` to disable this warning.[0m
[tier4] lolo fisher_wknn fold 1/59 (held_out=1)
[tier4] lolo fisher_wknn fold 2/59 (held_out=2)
[tier4] lolo fisher_wknn fold 3/59 (held_out=3)
[tier4] lolo fisher_wknn fold 4/59 (held_out=4)
[tier4] lolo fisher_wknn fold 5/59 (held_out=5)
[tier4] lolo fisher_wknn fold 6/59 (held_out=6)
[tier4] lolo fisher_wknn fold 7/59 (held_out=7)
[tier4] lolo fisher_wknn fold 8/59 (held_out=8)
[tier4] lolo fisher_wknn fold 9/59 (held_out=9)
[tier4] lolo fisher_wknn fold 10/59 (held_out=10)
[tier4] lolo fisher_wknn fold 11/59 (held_out=11)
[tier4] lolo fisher_wknn fold 12/59 (held_out=12)
[tier4] lolo fisher_wknn fold 13/59 (held_out=13)
[tier4] lolo fisher_wknn fold 14/59 (held_out=14)
[tier4] lolo fisher_wknn fold 15/59 (held_out=15)
[tier4] lolo fisher_wknn fold 16/59 (held_out=16)
[tier4] lolo fisher_wknn fold 17/59 (held_out=17)
[tier4] lolo fisher_wknn fold 18/59 (held_out=18)
[tier4] lolo fisher_wknn fold 19/59 (held_out=19)
[tier4] lolo fisher_wknn fold 20/59 (held_out=20)
[tier4] lolo fisher_wknn fold 21/59 (held_out=21)
[tier4] lolo fisher_wknn fold 22/59 (held_out=22)
[tier4] lolo fisher_wknn fold 23/59 (held_out=23)
[tier4] lolo fisher_wknn fold 24/59 (held_out=24)
[tier4] lolo fisher_wknn fold 25/59 (held_out=25)
[tier4] lolo fisher_wknn fold 26/59 (held_out=26)
[tier4] lolo fisher_wknn fold 27/59 (held_out=27)
[tier4] lolo fisher_wknn fold 28/59 (held_out=28)
[tier4] lolo fisher_wknn fold 29/59 (held_out=29)
[tier4] lolo fisher_wknn fold 30/59 (held_out=30)
[tier4] lolo fisher_wknn fold 31/59 (held_out=31)
[tier4] lolo fisher_wknn fold 32/59 (held_out=32)
[tier4] lolo fisher_wknn fold 33/59 (held_out=33)
[tier4] lolo fisher_wknn fold 34/59 (held_out=34)
[tier4] lolo fisher_wknn fold 35/59 (held_out=35)
[tier4] lolo fisher_wknn fold 36/59 (held_out=36)
[tier4] lolo fisher_wknn fold 37/59 (held_out=37)
[tier4] lolo fisher_wknn fold 38/59 (held_out=38)
[tier4] lolo fisher_wknn fold 39/59 (held_out=39)
[tier4] lolo fisher_wknn fold 40/59 (held_out=40)
[tier4] lolo fisher_wknn fold 41/59 (held_out=41)
[tier4] lolo fisher_wknn fold 42/59 (held_out=42)
[tier4] lolo fisher_wknn fold 43/59 (held_out=43)
[tier4] lolo fisher_wknn fold 44/59 (held_out=44)
[tier4] lolo fisher_wknn fold 45/59 (held_out=45)
[tier4] lolo fisher_wknn fold 46/59 (held_out=46)
[tier4] lolo fisher_wknn fold 47/59 (held_out=47)
[tier4] lolo fisher_wknn fold 48/59 (held_out=48)
[tier4] lolo fisher_wknn fold 49/59 (held_out=49)
[tier4] lolo fisher_wknn fold 50/59 (held_out=50)
[tier4] lolo fisher_wknn fold 51/59 (held_out=51)
[tier4] lolo fisher_wknn fold 52/59 (held_out=52)
[tier4] lolo fisher_wknn fold 53/59 (held_out=53)
[tier4] lolo fisher_wknn fold 54/59 (held_out=54)
[tier4] lolo fisher_wknn fold 55/59 (held_out=55)
[tier4] lolo fisher_wknn fold 56/59 (held_out=56)
[tier4] lolo fisher_wknn fold 57/59 (held_out=57)
[tier4] lolo fisher_wknn fold 58/59 (held_out=58)
[tier4] lolo fisher_wknn fold 59/59 (held_out=59)
[tier4] lolo mahalanobis_wknn fold 1/59 (held_out=1)
[tier4] lolo mahalanobis_wknn fold 2/59 (held_out=2)
[tier4] lolo mahalanobis_wknn fold 3/59 (held_out=3)
[tier4] lolo mahalanobis_wknn fold 4/59 (held_out=4)
[tier4] lolo mahalanobis_wknn fold 5/59 (held_out=5)
[tier4] lolo mahalanobis_wknn fold 6/59 (held_out=6)
[tier4] lolo mahalanobis_wknn fold 7/59 (held_out=7)
[tier4] lolo mahalanobis_wknn fold 8/59 (held_out=8)
[tier4] lolo mahalanobis_wknn fold 9/59 (held_out=9)
[tier4] lolo mahalanobis_wknn fold 10/59 (held_out=10)
[tier4] lolo mahalanobis_wknn fold 11/59 (held_out=11)
[tier4] lolo mahalanobis_wknn fold 12/59 (held_out=12)
[tier4] lolo mahalanobis_wknn fold 13/59 (held_out=13)
[tier4] lolo mahalanobis_wknn fold 14/59 (held_out=14)
[tier4] lolo mahalanobis_wknn fold 15/59 (held_out=15)
[tier4] lolo mahalanobis_wknn fold 16/59 (held_out=16)
[tier4] lolo mahalanobis_wknn fold 17/59 (held_out=17)
[tier4] lolo mahalanobis_wknn fold 18/59 (held_out=18)
[tier4] lolo mahalanobis_wknn fold 19/59 (held_out=19)
[tier4] lolo mahalanobis_wknn fold 20/59 (held_out=20)
[tier4] lolo mahalanobis_wknn fold 21/59 (held_out=21)
[tier4] lolo mahalanobis_wknn fold 22/59 (held_out=22)
[tier4] lolo mahalanobis_wknn fold 23/59 (held_out=23)
[tier4] lolo mahalanobis_wknn fold 24/59 (held_out=24)
[tier4] lolo mahalanobis_wknn fold 25/59 (held_out=25)
[tier4] lolo mahalanobis_wknn fold 26/59 (held_out=26)
[tier4] lolo mahalanobis_wknn fold 27/59 (held_out=27)
[tier4] lolo mahalanobis_wknn fold 28/59 (held_out=28)
[tier4] lolo mahalanobis_wknn fold 29/59 (held_out=29)
[tier4] lolo mahalanobis_wknn fold 30/59 (held_out=30)
[tier4] lolo mahalanobis_wknn fold 31/59 (held_out=31)
[tier4] lolo mahalanobis_wknn fold 32/59 (held_out=32)
[tier4] lolo mahalanobis_wknn fold 33/59 (held_out=33)
[tier4] lolo mahalanobis_wknn fold 34/59 (held_out=34)
[tier4] lolo mahalanobis_wknn fold 35/59 (held_out=35)
[tier4] lolo mahalanobis_wknn fold 36/59 (held_out=36)
[tier4] lolo mahalanobis_wknn fold 37/59 (held_out=37)
[tier4] lolo mahalanobis_wknn fold 38/59 (held_out=38)
[tier4] lolo mahalanobis_wknn fold 39/59 (held_out=39)
[tier4] lolo mahalanobis_wknn fold 40/59 (held_out=40)
[tier4] lolo mahalanobis_wknn fold 41/59 (held_out=41)
[tier4] lolo mahalanobis_wknn fold 42/59 (held_out=42)
[tier4] lolo mahalanobis_wknn fold 43/59 (held_out=43)
[tier4] lolo mahalanobis_wknn fold 44/59 (held_out=44)
[tier4] lolo mahalanobis_wknn fold 45/59 (held_out=45)
[tier4] lolo mahalanobis_wknn fold 46/59 (held_out=46)
[tier4] lolo mahalanobis_wknn fold 47/59 (held_out=47)
[tier4] lolo mahalanobis_wknn fold 48/59 (held_out=48)
[tier4] lolo mahalanobis_wknn fold 49/59 (held_out=49)
[tier4] lolo mahalanobis_wknn fold 50/59 (held_out=50)
[tier4] lolo mahalanobis_wknn fold 51/59 (held_out=51)
[tier4] lolo mahalanobis_wknn fold 52/59 (held_out=52)
[tier4] lolo mahalanobis_wknn fold 53/59 (held_out=53)
[tier4] lolo mahalanobis_wknn fold 54/59 (held_out=54)
[tier4] lolo mahalanobis_wknn fold 55/59 (held_out=55)
[tier4] lolo mahalanobis_wknn fold 56/59 (held_out=56)
[tier4] lolo mahalanobis_wknn fold 57/59 (held_out=57)
[tier4] lolo mahalanobis_wknn fold 58/59 (held_out=58)
[tier4] lolo mahalanobis_wknn fold 59/59 (held_out=59)
[tier4] lolo pls_corridor fold 1/59 (held_out=1)
[tier4] lolo pls_corridor fold 2/59 (held_out=2)
[tier4] lolo pls_corridor fold 3/59 (held_out=3)
[tier4] lolo pls_corridor fold 4/59 (held_out=4)
[tier4] lolo pls_corridor fold 5/59 (held_out=5)
[tier4] lolo pls_corridor fold 6/59 (held_out=6)
[tier4] lolo pls_corridor fold 7/59 (held_out=7)
[tier4] lolo pls_corridor fold 8/59 (held_out=8)
[tier4] lolo pls_corridor fold 9/59 (held_out=9)
[tier4] lolo pls_corridor fold 10/59 (held_out=10)
[tier4] lolo pls_corridor fold 11/59 (held_out=11)
[tier4] lolo pls_corridor fold 12/59 (held_out=12)
[tier4] lolo pls_corridor fold 13/59 (held_out=13)
[tier4] lolo pls_corridor fold 14/59 (held_out=14)
[tier4] lolo pls_corridor fold 15/59 (held_out=15)
[tier4] lolo pls_corridor fold 16/59 (held_out=16)
[tier4] lolo pls_corridor fold 17/59 (held_out=17)
[tier4] lolo pls_corridor fold 18/59 (held_out=18)
[tier4] lolo pls_corridor fold 19/59 (held_out=19)
[tier4] lolo pls_corridor fold 20/59 (held_out=20)
[tier4] lolo pls_corridor fold 21/59 (held_out=21)
[tier4] lolo pls_corridor fold 22/59 (held_out=22)
[tier4] lolo pls_corridor fold 23/59 (held_out=23)
[tier4] lolo pls_corridor fold 24/59 (held_out=24)
[tier4] lolo pls_corridor fold 25/59 (held_out=25)
[tier4] lolo pls_corridor fold 26/59 (held_out=26)
[tier4] lolo pls_corridor fold 27/59 (held_out=27)
[tier4] lolo pls_corridor fold 28/59 (held_out=28)
[tier4] lolo pls_corridor fold 29/59 (held_out=29)
[tier4] lolo pls_corridor fold 30/59 (held_out=30)
[tier4] lolo pls_corridor fold 31/59 (held_out=31)
[tier4] lolo pls_corridor fold 32/59 (held_out=32)
[tier4] lolo pls_corridor fold 33/59 (held_out=33)
[tier4] lolo pls_corridor fold 34/59 (held_out=34)
[tier4] lolo pls_corridor fold 35/59 (held_out=35)
[tier4] lolo pls_corridor fold 36/59 (held_out=36)
[tier4] lolo pls_corridor fold 37/59 (held_out=37)
[tier4] lolo pls_corridor fold 38/59 (held_out=38)
[tier4] lolo pls_corridor fold 39/59 (held_out=39)
[tier4] lolo pls_corridor fold 40/59 (held_out=40)
[tier4] lolo pls_corridor fold 41/59 (held_out=41)
[tier4] lolo pls_corridor fold 42/59 (held_out=42)
[tier4] lolo pls_corridor fold 43/59 (held_out=43)
[tier4] lolo pls_corridor fold 44/59 (held_out=44)
[tier4] lolo pls_corridor fold 45/59 (held_out=45)
[tier4] lolo pls_corridor fold 46/59 (held_out=46)
[tier4] lolo pls_corridor fold 47/59 (held_out=47)
[tier4] lolo pls_corridor fold 48/59 (held_out=48)
[tier4] lolo pls_corridor fold 49/59 (held_out=49)
[tier4] lolo pls_corridor fold 50/59 (held_out=50)
[tier4] lolo pls_corridor fold 51/59 (held_out=51)
[tier4] lolo pls_corridor fold 52/59 (held_out=52)
[tier4] lolo pls_corridor fold 53/59 (held_out=53)
[tier4] lolo pls_corridor fold 54/59 (held_out=54)
[tier4] lolo pls_corridor fold 55/59 (held_out=55)
[tier4] lolo pls_corridor fold 56/59 (held_out=56)
[tier4] lolo pls_corridor fold 57/59 (held_out=57)
[tier4] lolo pls_corridor fold 58/59 (held_out=58)
[tier4] lolo pls_corridor fold 59/59 (held_out=59)
[tier4] lolo ordinal_corridor fold 1/59 (held_out=1)
[tier4] lolo ordinal_corridor fold 2/59 (held_out=2)
[tier4] lolo ordinal_corridor fold 3/59 (held_out=3)
[tier4] lolo ordinal_corridor fold 4/59 (held_out=4)
[tier4] lolo ordinal_corridor fold 5/59 (held_out=5)
[tier4] lolo ordinal_corridor fold 6/59 (held_out=6)
[tier4] lolo ordinal_corridor fold 7/59 (held_out=7)
[tier4] lolo ordinal_corridor fold 8/59 (held_out=8)
[tier4] lolo ordinal_corridor fold 9/59 (held_out=9)
[tier4] lolo ordinal_corridor fold 10/59 (held_out=10)
[tier4] lolo ordinal_corridor fold 11/59 (held_out=11)
[tier4] lolo ordinal_corridor fold 12/59 (held_out=12)
[tier4] lolo ordinal_corridor fold 13/59 (held_out=13)
[tier4] lolo ordinal_corridor fold 14/59 (held_out=14)
[tier4] lolo ordinal_corridor fold 15/59 (held_out=15)
[tier4] lolo ordinal_corridor fold 16/59 (held_out=16)
[tier4] lolo ordinal_corridor fold 17/59 (held_out=17)
[tier4] lolo ordinal_corridor fold 18/59 (held_out=18)
[tier4] lolo ordinal_corridor fold 19/59 (held_out=19)
[tier4] lolo ordinal_corridor fold 20/59 (held_out=20)
[tier4] lolo ordinal_corridor fold 21/59 (held_out=21)
[tier4] lolo ordinal_corridor fold 22/59 (held_out=22)
[tier4] lolo ordinal_corridor fold 23/59 (held_out=23)
[tier4] lolo ordinal_corridor fold 24/59 (held_out=24)
[tier4] lolo ordinal_corridor fold 25/59 (held_out=25)
[tier4] lolo ordinal_corridor fold 26/59 (held_out=26)
[tier4] lolo ordinal_corridor fold 27/59 (held_out=27)
[tier4] lolo ordinal_corridor fold 28/59 (held_out=28)
[tier4] lolo ordinal_corridor fold 29/59 (held_out=29)
[tier4] lolo ordinal_corridor fold 30/59 (held_out=30)
[tier4] lolo ordinal_corridor fold 31/59 (held_out=31)
[tier4] lolo ordinal_corridor fold 32/59 (held_out=32)
[tier4] lolo ordinal_corridor fold 33/59 (held_out=33)
[tier4] lolo ordinal_corridor fold 34/59 (held_out=34)
[tier4] lolo ordinal_corridor fold 35/59 (held_out=35)
[tier4] lolo ordinal_corridor fold 36/59 (held_out=36)
[tier4] lolo ordinal_corridor fold 37/59 (held_out=37)
[tier4] lolo ordinal_corridor fold 38/59 (held_out=38)
[tier4] lolo ordinal_corridor fold 39/59 (held_out=39)
[tier4] lolo ordinal_corridor fold 40/59 (held_out=40)
[tier4] lolo ordinal_corridor fold 41/59 (held_out=41)
[tier4] lolo ordinal_corridor fold 42/59 (held_out=42)
[tier4] lolo ordinal_corridor fold 43/59 (held_out=43)
[tier4] lolo ordinal_corridor fold 44/59 (held_out=44)
[tier4] lolo ordinal_corridor fold 45/59 (held_out=45)
[tier4] lolo ordinal_corridor fold 46/59 (held_out=46)
[tier4] lolo ordinal_corridor fold 47/59 (held_out=47)
[tier4] lolo ordinal_corridor fold 48/59 (held_out=48)
[tier4] lolo ordinal_corridor fold 49/59 (held_out=49)
[tier4] lolo ordinal_corridor fold 50/59 (held_out=50)
[tier4] lolo ordinal_corridor fold 51/59 (held_out=51)
[tier4] lolo ordinal_corridor fold 52/59 (held_out=52)
[tier4] lolo ordinal_corridor fold 53/59 (held_out=53)
[tier4] lolo ordinal_corridor fold 54/59 (held_out=54)
[tier4] lolo ordinal_corridor fold 55/59 (held_out=55)
[tier4] lolo ordinal_corridor fold 56/59 (held_out=56)
[tier4] lolo ordinal_corridor fold 57/59 (held_out=57)
[tier4] lolo ordinal_corridor fold 58/59 (held_out=58)
[tier4] lolo ordinal_corridor fold 59/59 (held_out=59)
[tier4] lolo wcl_residual fold 1/59 (held_out=1)
[tier4] lolo wcl_residual fold 2/59 (held_out=2)
[tier4] lolo wcl_residual fold 3/59 (held_out=3)
[tier4] lolo wcl_residual fold 4/59 (held_out=4)
[tier4] lolo wcl_residual fold 5/59 (held_out=5)
[tier4] lolo wcl_residual fold 6/59 (held_out=6)
[tier4] lolo wcl_residual fold 7/59 (held_out=7)
[tier4] lolo wcl_residual fold 8/59 (held_out=8)
[tier4] lolo wcl_residual fold 9/59 (held_out=9)
[tier4] lolo wcl_residual fold 10/59 (held_out=10)
[tier4] lolo wcl_residual fold 11/59 (held_out=11)
[tier4] lolo wcl_residual fold 12/59 (held_out=12)
[tier4] lolo wcl_residual fold 13/59 (held_out=13)
[tier4] lolo wcl_residual fold 14/59 (held_out=14)
[tier4] lolo wcl_residual fold 15/59 (held_out=15)
[tier4] lolo wcl_residual fold 16/59 (held_out=16)
[tier4] lolo wcl_residual fold 17/59 (held_out=17)
[tier4] lolo wcl_residual fold 18/59 (held_out=18)
[tier4] lolo wcl_residual fold 19/59 (held_out=19)
[tier4] lolo wcl_residual fold 20/59 (held_out=20)
[tier4] lolo wcl_residual fold 21/59 (held_out=21)
[tier4] lolo wcl_residual fold 22/59 (held_out=22)
[tier4] lolo wcl_residual fold 23/59 (held_out=23)
[tier4] lolo wcl_residual fold 24/59 (held_out=24)
[tier4] lolo wcl_residual fold 25/59 (held_out=25)
[tier4] lolo wcl_residual fold 26/59 (held_out=26)
[tier4] lolo wcl_residual fold 27/59 (held_out=27)
[tier4] lolo wcl_residual fold 28/59 (held_out=28)
[tier4] lolo wcl_residual fold 29/59 (held_out=29)
[tier4] lolo wcl_residual fold 30/59 (held_out=30)
[tier4] lolo wcl_residual fold 31/59 (held_out=31)
[tier4] lolo wcl_residual fold 32/59 (held_out=32)
[tier4] lolo wcl_residual fold 33/59 (held_out=33)
[tier4] lolo wcl_residual fold 34/59 (held_out=34)
[tier4] lolo wcl_residual fold 35/59 (held_out=35)
[tier4] lolo wcl_residual fold 36/59 (held_out=36)
[tier4] lolo wcl_residual fold 37/59 (held_out=37)
[tier4] lolo wcl_residual fold 38/59 (held_out=38)
[tier4] lolo wcl_residual fold 39/59 (held_out=39)
[tier4] lolo wcl_residual fold 40/59 (held_out=40)
[tier4] lolo wcl_residual fold 41/59 (held_out=41)
[tier4] lolo wcl_residual fold 42/59 (held_out=42)
[tier4] lolo wcl_residual fold 43/59 (held_out=43)
[tier4] lolo wcl_residual fold 44/59 (held_out=44)
[tier4] lolo wcl_residual fold 45/59 (held_out=45)
[tier4] lolo wcl_residual fold 46/59 (held_out=46)
[tier4] lolo wcl_residual fold 47/59 (held_out=47)
[tier4] lolo wcl_residual fold 48/59 (held_out=48)
[tier4] lolo wcl_residual fold 49/59 (held_out=49)
[tier4] lolo wcl_residual fold 50/59 (held_out=50)
[tier4] lolo wcl_residual fold 51/59 (held_out=51)
[tier4] lolo wcl_residual fold 52/59 (held_out=52)
[tier4] lolo wcl_residual fold 53/59 (held_out=53)
[tier4] lolo wcl_residual fold 54/59 (held_out=54)
[tier4] lolo wcl_residual fold 55/59 (held_out=55)
[tier4] lolo wcl_residual fold 56/59 (held_out=56)
[tier4] lolo wcl_residual fold 57/59 (held_out=57)
[tier4] lolo wcl_residual fold 58/59 (held_out=58)
[tier4] lolo wcl_residual fold 59/59 (held_out=59)
[tier4] lolo joint_fp fold 1/59 (held_out=1)
[tier4] lolo joint_fp fold 2/59 (held_out=2)
[tier4] lolo joint_fp fold 3/59 (held_out=3)
[tier4] lolo joint_fp fold 4/59 (held_out=4)
[tier4] lolo joint_fp fold 5/59 (held_out=5)
[tier4] lolo joint_fp fold 6/59 (held_out=6)
[tier4] lolo joint_fp fold 7/59 (held_out=7)
[tier4] lolo joint_fp fold 8/59 (held_out=8)
[tier4] lolo joint_fp fold 9/59 (held_out=9)
[tier4] lolo joint_fp fold 10/59 (held_out=10)
[tier4] lolo joint_fp fold 11/59 (held_out=11)
[tier4] lolo joint_fp fold 12/59 (held_out=12)
[tier4] lolo joint_fp fold 13/59 (held_out=13)
[tier4] lolo joint_fp fold 14/59 (held_out=14)
[tier4] lolo joint_fp fold 15/59 (held_out=15)
[tier4] lolo joint_fp fold 16/59 (held_out=16)
[tier4] lolo joint_fp fold 17/59 (held_out=17)
[tier4] lolo joint_fp fold 18/59 (held_out=18)
[tier4] lolo joint_fp fold 19/59 (held_out=19)
[tier4] lolo joint_fp fold 20/59 (held_out=20)
[tier4] lolo joint_fp fold 21/59 (held_out=21)
[tier4] lolo joint_fp fold 22/59 (held_out=22)
[tier4] lolo joint_fp fold 23/59 (held_out=23)
[tier4] lolo joint_fp fold 24/59 (held_out=24)
[tier4] lolo joint_fp fold 25/59 (held_out=25)
[tier4] lolo joint_fp fold 26/59 (held_out=26)
[tier4] lolo joint_fp fold 27/59 (held_out=27)
[tier4] lolo joint_fp fold 28/59 (held_out=28)
[tier4] lolo joint_fp fold 29/59 (held_out=29)
[tier4] lolo joint_fp fold 30/59 (held_out=30)
[tier4] lolo joint_fp fold 31/59 (held_out=31)
[tier4] lolo joint_fp fold 32/59 (held_out=32)
[tier4] lolo joint_fp fold 33/59 (held_out=33)
[tier4] lolo joint_fp fold 34/59 (held_out=34)
[tier4] lolo joint_fp fold 35/59 (held_out=35)
[tier4] lolo joint_fp fold 36/59 (held_out=36)
[tier4] lolo joint_fp fold 37/59 (held_out=37)
[tier4] lolo joint_fp fold 38/59 (held_out=38)
[tier4] lolo joint_fp fold 39/59 (held_out=39)
[tier4] lolo joint_fp fold 40/59 (held_out=40)
[tier4] lolo joint_fp fold 41/59 (held_out=41)
[tier4] lolo joint_fp fold 42/59 (held_out=42)
[tier4] lolo joint_fp fold 43/59 (held_out=43)
[tier4] lolo joint_fp fold 44/59 (held_out=44)
[tier4] lolo joint_fp fold 45/59 (held_out=45)
[tier4] lolo joint_fp fold 46/59 (held_out=46)
[tier4] lolo joint_fp fold 47/59 (held_out=47)
[tier4] lolo joint_fp fold 48/59 (held_out=48)
[tier4] lolo joint_fp fold 49/59 (held_out=49)
[tier4] lolo joint_fp fold 50/59 (held_out=50)
[tier4] lolo joint_fp fold 51/59 (held_out=51)
[tier4] lolo joint_fp fold 52/59 (held_out=52)
[tier4] lolo joint_fp fold 53/59 (held_out=53)
[tier4] lolo joint_fp fold 54/59 (held_out=54)
[tier4] lolo joint_fp fold 55/59 (held_out=55)
[tier4] lolo joint_fp fold 56/59 (held_out=56)
[tier4] lolo joint_fp fold 57/59 (held_out=57)
[tier4] lolo joint_fp fold 58/59 (held_out=58)
[tier4] lolo joint_fp fold 59/59 (held_out=59)
[tier4] lolo gp_augmented_wknn fold 1/59 (held_out=1)
[tier4] lolo gp_augmented_wknn fold 2/59 (held_out=2)
[tier4] lolo gp_augmented_wknn fold 3/59 (held_out=3)
[tier4] lolo gp_augmented_wknn fold 4/59 (held_out=4)
[tier4] lolo gp_augmented_wknn fold 5/59 (held_out=5)
[tier4] lolo gp_augmented_wknn fold 6/59 (held_out=6)
[tier4] lolo gp_augmented_wknn fold 7/59 (held_out=7)
[tier4] lolo gp_augmented_wknn fold 8/59 (held_out=8)
[tier4] lolo gp_augmented_wknn fold 9/59 (held_out=9)
[tier4] lolo gp_augmented_wknn fold 10/59 (held_out=10)
[tier4] lolo gp_augmented_wknn fold 11/59 (held_out=11)
[tier4] lolo gp_augmented_wknn fold 12/59 (held_out=12)
[tier4] lolo gp_augmented_wknn fold 13/59 (held_out=13)
[tier4] lolo gp_augmented_wknn fold 14/59 (held_out=14)
[tier4] lolo gp_augmented_wknn fold 15/59 (held_out=15)
[tier4] lolo gp_augmented_wknn fold 16/59 (held_out=16)
[tier4] lolo gp_augmented_wknn fold 17/59 (held_out=17)
[tier4] lolo gp_augmented_wknn fold 18/59 (held_out=18)
[tier4] lolo gp_augmented_wknn fold 19/59 (held_out=19)
[tier4] lolo gp_augmented_wknn fold 20/59 (held_out=20)
[tier4] lolo gp_augmented_wknn fold 21/59 (held_out=21)
[tier4] lolo gp_augmented_wknn fold 22/59 (held_out=22)
[tier4] lolo gp_augmented_wknn fold 23/59 (held_out=23)
[tier4] lolo gp_augmented_wknn fold 24/59 (held_out=24)
[tier4] lolo gp_augmented_wknn fold 25/59 (held_out=25)
[tier4] lolo gp_augmented_wknn fold 26/59 (held_out=26)
[tier4] lolo gp_augmented_wknn fold 27/59 (held_out=27)
[tier4] lolo gp_augmented_wknn fold 28/59 (held_out=28)
[tier4] lolo gp_augmented_wknn fold 29/59 (held_out=29)
[tier4] lolo gp_augmented_wknn fold 30/59 (held_out=30)
[tier4] lolo gp_augmented_wknn fold 31/59 (held_out=31)
[tier4] lolo gp_augmented_wknn fold 32/59 (held_out=32)
[tier4] lolo gp_augmented_wknn fold 33/59 (held_out=33)
[tier4] lolo gp_augmented_wknn fold 34/59 (held_out=34)
[tier4] lolo gp_augmented_wknn fold 35/59 (held_out=35)
[tier4] lolo gp_augmented_wknn fold 36/59 (held_out=36)
[tier4] lolo gp_augmented_wknn fold 37/59 (held_out=37)
[tier4] lolo gp_augmented_wknn fold 38/59 (held_out=38)
[tier4] lolo gp_augmented_wknn fold 39/59 (held_out=39)
[tier4] lolo gp_augmented_wknn fold 40/59 (held_out=40)
[tier4] lolo gp_augmented_wknn fold 41/59 (held_out=41)
[tier4] lolo gp_augmented_wknn fold 42/59 (held_out=42)
[tier4] lolo gp_augmented_wknn fold 43/59 (held_out=43)
[tier4] lolo gp_augmented_wknn fold 44/59 (held_out=44)
[tier4] lolo gp_augmented_wknn fold 45/59 (held_out=45)
[tier4] lolo gp_augmented_wknn fold 46/59 (held_out=46)
[tier4] lolo gp_augmented_wknn fold 47/59 (held_out=47)
[tier4] lolo gp_augmented_wknn fold 48/59 (held_out=48)
[tier4] lolo gp_augmented_wknn fold 49/59 (held_out=49)
[tier4] lolo gp_augmented_wknn fold 50/59 (held_out=50)
[tier4] lolo gp_augmented_wknn fold 51/59 (held_out=51)
[tier4] lolo gp_augmented_wknn fold 52/59 (held_out=52)
[tier4] lolo gp_augmented_wknn fold 53/59 (held_out=53)
[tier4] lolo gp_augmented_wknn fold 54/59 (held_out=54)
[tier4] lolo gp_augmented_wknn fold 55/59 (held_out=55)
[tier4] lolo gp_augmented_wknn fold 56/59 (held_out=56)
[tier4] lolo gp_augmented_wknn fold 57/59 (held_out=57)
[tier4] lolo gp_augmented_wknn fold 58/59 (held_out=58)
[tier4] lolo gp_augmented_wknn fold 59/59 (held_out=59)
[tier4] lolo wcl fold 1/59 (held_out=1)
[tier4] lolo wcl fold 2/59 (held_out=2)
[tier4] lolo wcl fold 3/59 (held_out=3)
[tier4] lolo wcl fold 4/59 (held_out=4)
[tier4] lolo wcl fold 5/59 (held_out=5)
[tier4] lolo wcl fold 6/59 (held_out=6)
[tier4] lolo wcl fold 7/59 (held_out=7)
[tier4] lolo wcl fold 8/59 (held_out=8)
[tier4] lolo wcl fold 9/59 (held_out=9)
[tier4] lolo wcl fold 10/59 (held_out=10)
[tier4] lolo wcl fold 11/59 (held_out=11)
[tier4] lolo wcl fold 12/59 (held_out=12)
[tier4] lolo wcl fold 13/59 (held_out=13)
[tier4] lolo wcl fold 14/59 (held_out=14)
[tier4] lolo wcl fold 15/59 (held_out=15)
[tier4] lolo wcl fold 16/59 (held_out=16)
[tier4] lolo wcl fold 17/59 (held_out=17)
[tier4] lolo wcl fold 18/59 (held_out=18)
[tier4] lolo wcl fold 19/59 (held_out=19)
[tier4] lolo wcl fold 20/59 (held_out=20)
[tier4] lolo wcl fold 21/59 (held_out=21)
[tier4] lolo wcl fold 22/59 (held_out=22)
[tier4] lolo wcl fold 23/59 (held_out=23)
[tier4] lolo wcl fold 24/59 (held_out=24)
[tier4] lolo wcl fold 25/59 (held_out=25)
[tier4] lolo wcl fold 26/59 (held_out=26)
[tier4] lolo wcl fold 27/59 (held_out=27)
[tier4] lolo wcl fold 28/59 (held_out=28)
[tier4] lolo wcl fold 29/59 (held_out=29)
[tier4] lolo wcl fold 30/59 (held_out=30)
[tier4] lolo wcl fold 31/59 (held_out=31)
[tier4] lolo wcl fold 32/59 (held_out=32)
[tier4] lolo wcl fold 33/59 (held_out=33)
[tier4] lolo wcl fold 34/59 (held_out=34)
[tier4] lolo wcl fold 35/59 (held_out=35)
[tier4] lolo wcl fold 36/59 (held_out=36)
[tier4] lolo wcl fold 37/59 (held_out=37)
[tier4] lolo wcl fold 38/59 (held_out=38)
[tier4] lolo wcl fold 39/59 (held_out=39)
[tier4] lolo wcl fold 40/59 (held_out=40)
[tier4] lolo wcl fold 41/59 (held_out=41)
[tier4] lolo wcl fold 42/59 (held_out=42)
[tier4] lolo wcl fold 43/59 (held_out=43)
[tier4] lolo wcl fold 44/59 (held_out=44)
[tier4] lolo wcl fold 45/59 (held_out=45)
[tier4] lolo wcl fold 46/59 (held_out=46)
[tier4] lolo wcl fold 47/59 (held_out=47)
[tier4] lolo wcl fold 48/59 (held_out=48)
[tier4] lolo wcl fold 49/59 (held_out=49)
[tier4] lolo wcl fold 50/59 (held_out=50)
[tier4] lolo wcl fold 51/59 (held_out=51)
[tier4] lolo wcl fold 52/59 (held_out=52)
[tier4] lolo wcl fold 53/59 (held_out=53)
[tier4] lolo wcl fold 54/59 (held_out=54)
[tier4] lolo wcl fold 55/59 (held_out=55)
[tier4] lolo wcl fold 56/59 (held_out=56)
[tier4] lolo wcl fold 57/59 (held_out=57)
[tier4] lolo wcl fold 58/59 (held_out=58)
[tier4] lolo wcl fold 59/59 (held_out=59)
[tier4] lolo gp_corridor fold 1/59 (held_out=1)
[tier4] lolo gp_corridor fold 2/59 (held_out=2)
[tier4] lolo gp_corridor fold 3/59 (held_out=3)
[tier4] lolo gp_corridor fold 4/59 (held_out=4)
[tier4] lolo gp_corridor fold 5/59 (held_out=5)
[tier4] lolo gp_corridor fold 6/59 (held_out=6)
[tier4] lolo gp_corridor fold 7/59 (held_out=7)
[tier4] lolo gp_corridor fold 8/59 (held_out=8)
[tier4] lolo gp_corridor fold 9/59 (held_out=9)
[tier4] lolo gp_corridor fold 10/59 (held_out=10)
[tier4] lolo gp_corridor fold 11/59 (held_out=11)
[tier4] lolo gp_corridor fold 12/59 (held_out=12)
[tier4] lolo gp_corridor fold 13/59 (held_out=13)
[tier4] lolo gp_corridor fold 14/59 (held_out=14)
[tier4] lolo gp_corridor fold 15/59 (held_out=15)
[tier4] lolo gp_corridor fold 16/59 (held_out=16)
[tier4] lolo gp_corridor fold 17/59 (held_out=17)
[tier4] lolo gp_corridor fold 18/59 (held_out=18)
[tier4] lolo gp_corridor fold 19/59 (held_out=19)
[tier4] lolo gp_corridor fold 20/59 (held_out=20)
[tier4] lolo gp_corridor fold 21/59 (held_out=21)
[tier4] lolo gp_corridor fold 22/59 (held_out=22)
[tier4] lolo gp_corridor fold 23/59 (held_out=23)
[tier4] lolo gp_corridor fold 24/59 (held_out=24)
[tier4] lolo gp_corridor fold 25/59 (held_out=25)
[tier4] lolo gp_corridor fold 26/59 (held_out=26)
[tier4] lolo gp_corridor fold 27/59 (held_out=27)
[tier4] lolo gp_corridor fold 28/59 (held_out=28)
[tier4] lolo gp_corridor fold 29/59 (held_out=29)
[tier4] lolo gp_corridor fold 30/59 (held_out=30)
[tier4] lolo gp_corridor fold 31/59 (held_out=31)
[tier4] lolo gp_corridor fold 32/59 (held_out=32)
[tier4] lolo gp_corridor fold 33/59 (held_out=33)
[tier4] lolo gp_corridor fold 34/59 (held_out=34)
[tier4] lolo gp_corridor fold 35/59 (held_out=35)
[tier4] lolo gp_corridor fold 36/59 (held_out=36)
[tier4] lolo gp_corridor fold 37/59 (held_out=37)
[tier4] lolo gp_corridor fold 38/59 (held_out=38)
[tier4] lolo gp_corridor fold 39/59 (held_out=39)
[tier4] lolo gp_corridor fold 40/59 (held_out=40)
[tier4] lolo gp_corridor fold 41/59 (held_out=41)
[tier4] lolo gp_corridor fold 42/59 (held_out=42)
[tier4] lolo gp_corridor fold 43/59 (held_out=43)
[tier4] lolo gp_corridor fold 44/59 (held_out=44)
[tier4] lolo gp_corridor fold 45/59 (held_out=45)
[tier4] lolo gp_corridor fold 46/59 (held_out=46)
[tier4] lolo gp_corridor fold 47/59 (held_out=47)
[tier4] lolo gp_corridor fold 48/59 (held_out=48)
[tier4] lolo gp_corridor fold 49/59 (held_out=49)
[tier4] lolo gp_corridor fold 50/59 (held_out=50)
[tier4] lolo gp_corridor fold 51/59 (held_out=51)
[tier4] lolo gp_corridor fold 52/59 (held_out=52)
[tier4] lolo gp_corridor fold 53/59 (held_out=53)
[tier4] lolo gp_corridor fold 54/59 (held_out=54)
[tier4] lolo gp_corridor fold 55/59 (held_out=55)
[tier4] lolo gp_corridor fold 56/59 (held_out=56)
[tier4] lolo gp_corridor fold 57/59 (held_out=57)
[tier4] lolo gp_corridor fold 58/59 (held_out=58)
[tier4] lolo gp_corridor fold 59/59 (held_out=59)
[cli] methods=['fisher_wknn', 'mahalanobis_wknn', 'pls_corridor', 'ordinal_corridor', 'wcl_residual', 'joint_fp', 'gp_augmented_wknn'] references=['wcl', 'gp_corridor'] seed=0 B=1000 smoke=False
[cli] wrote:
  protocol_a: results/tier4/protocol_a.csv
  lolo_ledger: results/tier4/lolo_ledger.csv
  lolo_summary: results/tier4/lolo_summary.csv
  figure: doc/final_report/figures/cdf_lolo_tier4.pdf
  diagnostics: results/tier4/diagnostics.csv
  tex_protocol_a: doc/final_report/tables/tier4_protocol_a.tex
  tex_lolo: doc/final_report/tables/tier4_lolo.tex
